[2022-11-23 18:44:55] local.ERROR: The use statement with non-compound name 'DB' has no effect {"exception":"[object] (ErrorException(code: 0): The use statement with non-compound name 'DB' has no effect at C:\\wamp64\\www\\CategoringManagement\\database\\migrations\\2022_11_23_184049_custom_query.php:6)
[stacktrace]
#0 C:\\wamp64\\www\\CategoringManagement\\vendor\\laravel\\framework\\src\\Illuminate\\Filesystem\\Filesystem.php(130): Illuminate\\Foundation\\Bootstrap\\HandleExceptions->handleError(2, 'The use stateme...', 'C:\\\\wamp64\\\\www\\\\C...', 6, Array)
#1 C:\\wamp64\\www\\CategoringManagement\\vendor\\laravel\\framework\\src\\Illuminate\\Filesystem\\Filesystem.php(130): require_once()
#2 C:\\wamp64\\www\\CategoringManagement\\vendor\\laravel\\framework\\src\\Illuminate\\Filesystem\\Filesystem.php(131): Illuminate\\Filesystem\\Filesystem::Illuminate\\Filesystem\\{closure}()
#3 C:\\wamp64\\www\\CategoringManagement\\vendor\\laravel\\framework\\src\\Illuminate\\Database\\Migrations\\Migrator.php(482): Illuminate\\Filesystem\\Filesystem->requireOnce('C:\\\\wamp64\\\\www\\\\C...')
#4 C:\\wamp64\\www\\CategoringManagement\\vendor\\laravel\\framework\\src\\Illuminate\\Database\\Migrations\\Migrator.php(104): Illuminate\\Database\\Migrations\\Migrator->requireFiles(Array)
#5 C:\\wamp64\\www\\CategoringManagement\\vendor\\laravel\\framework\\src\\Illuminate\\Database\\Console\\Migrations\\MigrateCommand.php(85): Illuminate\\Database\\Migrations\\Migrator->run(Array, Array)
#6 C:\\wamp64\\www\\CategoringManagement\\vendor\\laravel\\framework\\src\\Illuminate\\Database\\Migrations\\Migrator.php(541): Illuminate\\Database\\Console\\Migrations\\MigrateCommand->Illuminate\\Database\\Console\\Migrations\\{closure}()
#7 C:\\wamp64\\www\\CategoringManagement\\vendor\\laravel\\framework\\src\\Illuminate\\Database\\Console\\Migrations\\MigrateCommand.php(94): Illuminate\\Database\\Migrations\\Migrator->usingConnection(NULL, Object(Closure))
#8 C:\\wamp64\\www\\CategoringManagement\\vendor\\laravel\\framework\\src\\Illuminate\\Container\\BoundMethod.php(36): Illuminate\\Database\\Console\\Migrations\\MigrateCommand->handle()
#9 C:\\wamp64\\www\\CategoringManagement\\vendor\\laravel\\framework\\src\\Illuminate\\Container\\Util.php(40): Illuminate\\Container\\BoundMethod::Illuminate\\Container\\{closure}()
#10 C:\\wamp64\\www\\CategoringManagement\\vendor\\laravel\\framework\\src\\Illuminate\\Container\\BoundMethod.php(93): Illuminate\\Container\\Util::unwrapIfClosure(Object(Closure))
#11 C:\\wamp64\\www\\CategoringManagement\\vendor\\laravel\\framework\\src\\Illuminate\\Container\\BoundMethod.php(37): Illuminate\\Container\\BoundMethod::callBoundMethod(Object(Illuminate\\Foundation\\Application), Array, Object(Closure))
#12 C:\\wamp64\\www\\CategoringManagement\\vendor\\laravel\\framework\\src\\Illuminate\\Container\\Container.php(610): Illuminate\\Container\\BoundMethod::call(Object(Illuminate\\Foundation\\Application), Array, Array, NULL)
#13 C:\\wamp64\\www\\CategoringManagement\\vendor\\laravel\\framework\\src\\Illuminate\\Console\\Command.php(136): Illuminate\\Container\\Container->call(Array)
#14 C:\\wamp64\\www\\CategoringManagement\\vendor\\symfony\\console\\Command\\Command.php(256): Illuminate\\Console\\Command->execute(Object(Symfony\\Component\\Console\\Input\\ArgvInput), Object(Illuminate\\Console\\OutputStyle))
#15 C:\\wamp64\\www\\CategoringManagement\\vendor\\laravel\\framework\\src\\Illuminate\\Console\\Command.php(121): Symfony\\Component\\Console\\Command\\Command->run(Object(Symfony\\Component\\Console\\Input\\ArgvInput), Object(Illuminate\\Console\\OutputStyle))
#16 C:\\wamp64\\www\\CategoringManagement\\vendor\\symfony\\console\\Application.php(971): Illuminate\\Console\\Command->run(Object(Symfony\\Component\\Console\\Input\\ArgvInput), Object(Symfony\\Component\\Console\\Output\\ConsoleOutput))
#17 C:\\wamp64\\www\\CategoringManagement\\vendor\\symfony\\console\\Application.php(290): Symfony\\Component\\Console\\Application->doRunCommand(Object(Illuminate\\Database\\Console\\Migrations\\MigrateCommand), Object(Symfony\\Component\\Console\\Input\\ArgvInput), Object(Symfony\\Component\\Console\\Output\\ConsoleOutput))
#18 C:\\wamp64\\www\\CategoringManagement\\vendor\\symfony\\console\\Application.php(166): Symfony\\Component\\Console\\Application->doRun(Object(Symfony\\Component\\Console\\Input\\ArgvInput), Object(Symfony\\Component\\Console\\Output\\ConsoleOutput))
#19 C:\\wamp64\\www\\CategoringManagement\\vendor\\laravel\\framework\\src\\Illuminate\\Console\\Application.php(93): Symfony\\Component\\Console\\Application->run(Object(Symfony\\Component\\Console\\Input\\ArgvInput), Object(Symfony\\Component\\Console\\Output\\ConsoleOutput))
#20 C:\\wamp64\\www\\CategoringManagement\\vendor\\laravel\\framework\\src\\Illuminate\\Foundation\\Console\\Kernel.php(129): Illuminate\\Console\\Application->run(Object(Symfony\\Component\\Console\\Input\\ArgvInput), Object(Symfony\\Component\\Console\\Output\\ConsoleOutput))
#21 C:\\wamp64\\www\\CategoringManagement\\artisan(37): Illuminate\\Foundation\\Console\\Kernel->handle(Object(Symfony\\Component\\Console\\Input\\ArgvInput), Object(Symfony\\Component\\Console\\Output\\ConsoleOutput))
#22 {main}
"} 
